=== baselines_v2 batch 2026-07-10T18:00:59Z ===
--- prep: learned_markov + frequency (LOSO test=1 train=2 3 4 5 6 7 8 9 10) ---
[A_orig_test1] horizon=4 train=[2, 3, 4, 5, 6, 7, 8, 9, 10] budgets=[14, 28] -> strategies/access/runs/learned_markov_A_orig_N*_test1.csv
[B_orig_test1] horizon=4 train=[2, 3, 4, 5, 6, 7, 8, 9, 10] budgets=[14, 28] -> strategies/access/runs/learned_markov_B_orig_N*_test1.csv
[C_orig_test1] horizon=4 train=[2, 3, 4, 5, 6, 7, 8, 9, 10] budgets=[14, 28] -> strategies/access/runs/learned_markov_C_orig_N*_test1.csv
--- lp arms (pread-only) ---
ENV kernel=6.17.0-19-generic disk=nvme0n1 ra_kb=128 governor=powersave driver=amd-pstate-epp epp=performance boost=1 maxfreq_khz=5756452 thp=madvise loadavg=2.15 memavail_kb=49458608
  lp_shuf: shuffled 4416 rows seed=424242 -> hotset_A_orig_lp_shuf.csv
  lp_shuf: shuffled 4420 rows seed=424242 -> hotset_B_orig_lp_shuf.csv
  lp_shuf: shuffled 483 rows seed=424242 -> hotset_C_orig_lp_shuf.csv
[rep1 warm] A orig lp_sorted pread: fq=108.9 delivery=100.0 cold=0.0
[rep1 warm] A orig lp_sorted async: fq=102.86 delivery=100.0 cold=0.0
[rep1 warm] A orig lp_shuf pread: fq=119.23 delivery=100.0 cold=0.0
[rep1 warm] A orig lp_shuf async: fq=101.21 delivery=100.0 cold=0.0
[rep1 warm] B orig lp_sorted pread: fq=107.94 delivery=100.0 cold=0.0
[rep1 warm] B orig lp_sorted async: fq=104.17 delivery=100.0 cold=0.0
[rep1 warm] B orig lp_shuf pread: fq=115.23 delivery=100.0 cold=0.0
[rep1 warm] B orig lp_shuf async: fq=103.02 delivery=100.0 cold=0.0
[rep1 warm] C orig lp_sorted pread: fq=100.46 delivery=100.0 cold=0.0
[rep1 warm] C orig lp_sorted async: fq=98.62 delivery=100.0 cold=0.0
[rep1 warm] C orig lp_shuf pread: fq=109.65 delivery=100.0 cold=0.0
[rep1 warm] C orig lp_shuf async: fq=100.74 delivery=100.0 cold=0.0
[rep2 keep] A orig lp_sorted pread: fq=104.35 delivery=100.0 cold=0.0
[rep2 keep] A orig lp_shuf pread: fq=120.79 delivery=100.0 cold=0.0
[rep2 keep] B orig lp_sorted pread: fq=108.38 delivery=100.0 cold=0.0
[rep2 keep] B orig lp_shuf pread: fq=116.85 delivery=100.0 cold=0.0
[rep2 keep] C orig lp_sorted pread: fq=102.76 delivery=100.0 cold=0.0
[rep2 keep] C orig lp_shuf pread: fq=106.11 delivery=100.0 cold=0.0
[rep3 keep] A orig lp_sorted pread: fq=105.47 delivery=100.0 cold=0.0
[rep3 keep] A orig lp_shuf pread: fq=113.85 delivery=100.0 cold=0.0
[rep3 keep] B orig lp_sorted pread: fq=106.38 delivery=100.0 cold=0.0
[rep3 keep] B orig lp_shuf pread: fq=116.11 delivery=100.0 cold=0.0
[rep3 keep] C orig lp_sorted pread: fq=104.43 delivery=100.0 cold=0.0
[rep3 keep] C orig lp_shuf pread: fq=104.0 delivery=100.0 cold=0.0
[rep4 keep] A orig lp_sorted pread: fq=112.52 delivery=100.0 cold=0.0
[rep4 keep] A orig lp_shuf pread: fq=106.83 delivery=100.0 cold=0.0
[rep4 keep] B orig lp_sorted pread: fq=111.89 delivery=100.0 cold=0.0
[rep4 keep] B orig lp_shuf pread: fq=116.32 delivery=100.0 cold=0.0
[rep4 keep] C orig lp_sorted pread: fq=100.36 delivery=100.0 cold=0.0
[rep4 keep] C orig lp_shuf pread: fq=108.85 delivery=100.0 cold=0.0
[rep5 keep] A orig lp_sorted pread: fq=107.73 delivery=100.0 cold=0.0
[rep5 keep] A orig lp_shuf pread: fq=115.41 delivery=100.0 cold=0.0
[rep5 keep] B orig lp_sorted pread: fq=104.73 delivery=100.0 cold=0.0
[rep5 keep] B orig lp_shuf pread: fq=117.89 delivery=100.0 cold=0.0
[rep5 keep] C orig lp_sorted pread: fq=99.95 delivery=100.0 cold=0.0
[rep5 keep] C orig lp_shuf pread: fq=104.39 delivery=100.0 cold=0.0
[rep6 keep] A orig lp_sorted pread: fq=104.34 delivery=100.0 cold=0.0
[rep6 keep] A orig lp_shuf pread: fq=108.08 delivery=100.0 cold=0.0
[rep6 keep] B orig lp_sorted pread: fq=105.72 delivery=100.0 cold=0.0
[rep6 keep] B orig lp_shuf pread: fq=112.47 delivery=100.0 cold=0.0
[rep6 keep] C orig lp_sorted pread: fq=99.5 delivery=100.0 cold=0.0
[rep6 keep] C orig lp_shuf pread: fq=112.55 delivery=100.0 cold=0.0
[rep7 keep] A orig lp_sorted pread: fq=108.72 delivery=100.0 cold=0.0
[rep7 keep] A orig lp_shuf pread: fq=114.56 delivery=100.0 cold=0.0
[rep7 keep] B orig lp_sorted pread: fq=110.57 delivery=100.0 cold=0.0
[rep7 keep] B orig lp_shuf pread: fq=114.44 delivery=100.0 cold=0.0
[rep7 keep] C orig lp_sorted pread: fq=105.59 delivery=100.0 cold=0.0
[rep7 keep] C orig lp_shuf pread: fq=107.39 delivery=100.0 cold=0.0
[rep8 keep] A orig lp_sorted pread: fq=103.21 delivery=100.0 cold=0.0
[rep8 keep] A orig lp_shuf pread: fq=116.18 delivery=100.0 cold=0.0
[rep8 keep] B orig lp_sorted pread: fq=105.4 delivery=100.0 cold=0.0
[rep8 keep] B orig lp_shuf pread: fq=114.78 delivery=100.0 cold=0.0
[rep8 keep] C orig lp_sorted pread: fq=99.97 delivery=100.0 cold=0.0
[rep8 keep] C orig lp_shuf pread: fq=97.09 delivery=100.0 cold=0.0
[rep9 keep] A orig lp_sorted pread: fq=102.81 delivery=100.0 cold=0.0
[rep9 keep] A orig lp_shuf pread: fq=112.64 delivery=100.0 cold=0.0
[rep9 keep] B orig lp_sorted pread: fq=107.23 delivery=100.0 cold=0.0
[rep9 keep] B orig lp_shuf pread: fq=116.46 delivery=100.0 cold=0.0
[rep9 keep] C orig lp_sorted pread: fq=100.18 delivery=100.0 cold=0.0
[rep9 keep] C orig lp_shuf pread: fq=105.84 delivery=100.0 cold=0.0
[rep10 keep] A orig lp_sorted pread: fq=107.71 delivery=100.0 cold=0.0
[rep10 keep] A orig lp_shuf pread: fq=113.26 delivery=100.0 cold=0.0
[rep10 keep] B orig lp_sorted pread: fq=105.85 delivery=100.0 cold=0.0
[rep10 keep] B orig lp_shuf pread: fq=121.83 delivery=100.0 cold=0.0
[rep10 keep] C orig lp_sorted pread: fq=101.49 delivery=100.0 cold=0.0
[rep10 keep] C orig lp_shuf pread: fq=100.6 delivery=100.0 cold=0.0
[rep11 keep] A orig lp_sorted pread: fq=105.15 delivery=100.0 cold=0.0
[rep11 keep] A orig lp_shuf pread: fq=101.64 delivery=100.0 cold=0.0
[rep11 keep] B orig lp_sorted pread: fq=105.91 delivery=100.0 cold=0.0
[rep11 keep] B orig lp_shuf pread: fq=113.35 delivery=100.0 cold=0.0
[rep11 keep] C orig lp_sorted pread: fq=100.37 delivery=100.0 cold=0.0
[rep11 keep] C orig lp_shuf pread: fq=106.27 delivery=100.0 cold=0.0

done. raw=results/baselines_v2/lp/raw.csv  summary=results/baselines_v2/lp/summary.csv
--- learned_markov + references (async + pread) ---
ENV kernel=6.17.0-19-generic disk=nvme0n1 ra_kb=128 governor=powersave driver=amd-pstate-epp epp=performance boost=1 maxfreq_khz=5756452 thp=madvise loadavg=2.09 memavail_kb=49479988
[rep1 warm] A orig baseline baseline: fq=517.98 delivery=0.0 cold=0.0
[rep1 warm] B orig baseline baseline: fq=745.51 delivery=0.0 cold=0.0
[rep1 warm] C orig baseline baseline: fq=1087.52 delivery=0.0 cold=0.0
[rep1 warm] A orig learned_markov_14 pread: fq=364.51 delivery=100.0 cold=0.0
[rep1 warm] A orig learned_markov_14 async: fq=371.15 delivery=100.0 cold=0.0
[rep1 warm] A orig learned_markov_28 pread: fq=415.05 delivery=100.0 cold=0.0
[rep1 warm] A orig learned_markov_28 async: fq=407.24 delivery=100.0 cold=0.0
[rep1 warm] A orig 2f_top14 pread: fq=397.8 delivery=100.0 cold=0.0
[rep1 warm] A orig 2f_top14 async: fq=410.72 delivery=100.0 cold=0.0
[rep1 warm] A orig 2f_top28 pread: fq=366.9 delivery=100.0 cold=0.0
[rep1 warm] A orig 2f_top28 async: fq=368.92 delivery=100.0 cold=0.0
[rep1 warm] A orig 2e_K10 pread: fq=186.13 delivery=100.0 cold=0.0
[rep1 warm] A orig 2e_K10 async: fq=413.98 delivery=100.0 cold=0.0
[rep1 warm] B orig learned_markov_14 pread: fq=416.78 delivery=100.0 cold=0.0
[rep1 warm] B orig learned_markov_14 async: fq=415.17 delivery=100.0 cold=0.0
[rep1 warm] B orig learned_markov_28 pread: fq=411.46 delivery=100.0 cold=0.0
[rep1 warm] B orig learned_markov_28 async: fq=416.04 delivery=100.0 cold=0.0
[rep1 warm] B orig 2f_top14 pread: fq=425.33 delivery=100.0 cold=0.0
[rep1 warm] B orig 2f_top14 async: fq=415.95 delivery=100.0 cold=0.0
[rep1 warm] B orig 2f_top28 pread: fq=423.7 delivery=100.0 cold=0.0
[rep1 warm] B orig 2f_top28 async: fq=425.28 delivery=100.0 cold=0.0
[rep1 warm] B orig 2e_K10 pread: fq=402.98 delivery=100.0 cold=0.0
[rep1 warm] B orig 2e_K10 async: fq=416.05 delivery=100.0 cold=0.0
[rep1 warm] C orig learned_markov_14 pread: fq=184.97 delivery=100.0 cold=0.0
[rep1 warm] C orig learned_markov_14 async: fq=188.59 delivery=100.0 cold=0.0
[rep1 warm] C orig learned_markov_28 pread: fq=188.7 delivery=100.0 cold=0.0
[rep1 warm] C orig learned_markov_28 async: fq=185.9 delivery=100.0 cold=0.0
[rep1 warm] C orig 2f_top14 pread: fq=188.75 delivery=100.0 cold=0.0
[rep1 warm] C orig 2f_top14 async: fq=184.52 delivery=100.0 cold=0.0
[rep1 warm] C orig 2f_top28 pread: fq=187.59 delivery=100.0 cold=0.0
[rep1 warm] C orig 2f_top28 async: fq=183.93 delivery=100.0 cold=0.0
[rep1 warm] C orig 2e_K10 pread: fq=189.17 delivery=100.0 cold=0.0
[rep1 warm] C orig 2e_K10 async: fq=188.76 delivery=100.0 cold=0.0
[rep2 keep] A orig baseline baseline: fq=514.05 delivery=0.0 cold=0.0
[rep2 keep] B orig baseline baseline: fq=743.72 delivery=0.0 cold=0.0
[rep2 keep] C orig baseline baseline: fq=1075.56 delivery=0.0 cold=0.0
[rep2 keep] A orig learned_markov_14 pread: fq=362.51 delivery=100.0 cold=0.0
[rep2 keep] A orig learned_markov_14 async: fq=370.26 delivery=100.0 cold=0.0
[rep2 keep] A orig learned_markov_28 pread: fq=367.99 delivery=100.0 cold=0.0
[rep2 keep] A orig learned_markov_28 async: fq=362.81 delivery=100.0 cold=0.0
[rep2 keep] A orig 2f_top14 pread: fq=372.68 delivery=100.0 cold=0.0
[rep2 keep] A orig 2f_top14 async: fq=384.5 delivery=100.0 cold=0.0
[rep2 keep] A orig 2f_top28 pread: fq=412.98 delivery=100.0 cold=0.0
[rep2 keep] A orig 2f_top28 async: fq=408.18 delivery=100.0 cold=0.0
[rep2 keep] A orig 2e_K10 pread: fq=186.34 delivery=100.0 cold=0.0
[rep2 keep] A orig 2e_K10 async: fq=379.39 delivery=100.0 cold=0.0
[rep2 keep] B orig learned_markov_14 pread: fq=416.01 delivery=100.0 cold=0.0
[rep2 keep] B orig learned_markov_14 async: fq=425.25 delivery=100.0 cold=0.0
[rep2 keep] B orig learned_markov_28 pread: fq=419.3 delivery=100.0 cold=0.0
[rep2 keep] B orig learned_markov_28 async: fq=416.8 delivery=100.0 cold=0.0
[rep2 keep] B orig 2f_top14 pread: fq=418.4 delivery=100.0 cold=0.0
[rep2 keep] B orig 2f_top14 async: fq=416.88 delivery=100.0 cold=0.0
[rep2 keep] B orig 2f_top28 pread: fq=424.36 delivery=100.0 cold=0.0
[rep2 keep] B orig 2f_top28 async: fq=416.69 delivery=100.0 cold=0.0
[rep2 keep] B orig 2e_K10 pread: fq=413.93 delivery=100.0 cold=0.0
[rep2 keep] B orig 2e_K10 async: fq=414.0 delivery=100.0 cold=0.0
[rep2 keep] C orig learned_markov_14 pread: fq=187.41 delivery=100.0 cold=0.0
[rep2 keep] C orig learned_markov_14 async: fq=187.96 delivery=100.0 cold=0.0
[rep2 keep] C orig learned_markov_28 pread: fq=185.75 delivery=100.0 cold=0.0
[rep2 keep] C orig learned_markov_28 async: fq=184.4 delivery=100.0 cold=0.0
[rep2 keep] C orig 2f_top14 pread: fq=187.42 delivery=100.0 cold=0.0
[rep2 keep] C orig 2f_top14 async: fq=184.75 delivery=100.0 cold=0.0
[rep2 keep] C orig 2f_top28 pread: fq=187.83 delivery=100.0 cold=0.0
[rep2 keep] C orig 2f_top28 async: fq=184.22 delivery=100.0 cold=0.0
[rep2 keep] C orig 2e_K10 pread: fq=185.57 delivery=100.0 cold=0.0
[rep2 keep] C orig 2e_K10 async: fq=187.08 delivery=100.0 cold=0.0
[rep3 keep] A orig baseline baseline: fq=521.42 delivery=0.0 cold=0.0
[rep3 keep] B orig baseline baseline: fq=751.83 delivery=0.0 cold=0.0
[rep3 keep] C orig baseline baseline: fq=1078.7 delivery=0.0 cold=0.0
[rep3 keep] A orig learned_markov_14 pread: fq=380.46 delivery=100.0 cold=0.0
[rep3 keep] A orig learned_markov_14 async: fq=340.71 delivery=100.0 cold=0.0
[rep3 keep] A orig learned_markov_28 pread: fq=366.06 delivery=100.0 cold=0.0
[rep3 keep] A orig learned_markov_28 async: fq=404.87 delivery=100.0 cold=0.0
[rep3 keep] A orig 2f_top14 pread: fq=381.98 delivery=100.0 cold=0.0
[rep3 keep] A orig 2f_top14 async: fq=453.81 delivery=100.0 cold=0.0
[rep3 keep] A orig 2f_top28 pread: fq=407.0 delivery=100.0 cold=0.0
[rep3 keep] A orig 2f_top28 async: fq=358.72 delivery=100.0 cold=0.0
[rep3 keep] A orig 2e_K10 pread: fq=179.38 delivery=100.0 cold=0.0
[rep3 keep] A orig 2e_K10 async: fq=413.79 delivery=100.0 cold=0.0
[rep3 keep] B orig learned_markov_14 pread: fq=420.56 delivery=100.0 cold=0.0
[rep3 keep] B orig learned_markov_14 async: fq=413.65 delivery=100.0 cold=0.0
[rep3 keep] B orig learned_markov_28 pread: fq=411.9 delivery=100.0 cold=0.0
[rep3 keep] B orig learned_markov_28 async: fq=408.93 delivery=100.0 cold=0.0
[rep3 keep] B orig 2f_top14 pread: fq=419.95 delivery=100.0 cold=0.0
[rep3 keep] B orig 2f_top14 async: fq=415.2 delivery=100.0 cold=0.0
[rep3 keep] B orig 2f_top28 pread: fq=419.99 delivery=100.0 cold=0.0
[rep3 keep] B orig 2f_top28 async: fq=407.73 delivery=100.0 cold=0.0
[rep3 keep] B orig 2e_K10 pread: fq=415.33 delivery=100.0 cold=0.0
[rep3 keep] B orig 2e_K10 async: fq=425.43 delivery=100.0 cold=0.0
[rep3 keep] C orig learned_markov_14 pread: fq=184.42 delivery=100.0 cold=0.0
[rep3 keep] C orig learned_markov_14 async: fq=186.07 delivery=100.0 cold=0.0
[rep3 keep] C orig learned_markov_28 pread: fq=194.85 delivery=100.0 cold=0.0
[rep3 keep] C orig learned_markov_28 async: fq=186.34 delivery=100.0 cold=0.0
[rep3 keep] C orig 2f_top14 pread: fq=184.92 delivery=100.0 cold=0.0
[rep3 keep] C orig 2f_top14 async: fq=186.33 delivery=100.0 cold=0.0
[rep3 keep] C orig 2f_top28 pread: fq=185.45 delivery=100.0 cold=0.0
[rep3 keep] C orig 2f_top28 async: fq=187.53 delivery=100.0 cold=0.0
[rep3 keep] C orig 2e_K10 pread: fq=184.61 delivery=100.0 cold=0.0
[rep3 keep] C orig 2e_K10 async: fq=187.52 delivery=100.0 cold=0.0
[rep4 keep] A orig baseline baseline: fq=516.11 delivery=0.0 cold=0.0
[rep4 keep] B orig baseline baseline: fq=740.61 delivery=0.0 cold=0.0
[rep4 keep] C orig baseline baseline: fq=1028.29 delivery=0.0 cold=0.0
[rep4 keep] A orig learned_markov_14 pread: fq=336.2 delivery=100.0 cold=0.0
[rep4 keep] A orig learned_markov_14 async: fq=413.59 delivery=100.0 cold=0.0
[rep4 keep] A orig learned_markov_28 pread: fq=407.66 delivery=100.0 cold=0.0
[rep4 keep] A orig learned_markov_28 async: fq=365.18 delivery=100.0 cold=0.0
[rep4 keep] A orig 2f_top14 pread: fq=394.55 delivery=100.0 cold=0.0
[rep4 keep] A orig 2f_top14 async: fq=367.1 delivery=100.0 cold=0.0
[rep4 keep] A orig 2f_top28 pread: fq=337.56 delivery=100.0 cold=0.0
[rep4 keep] A orig 2f_top28 async: fq=369.96 delivery=100.0 cold=0.0
[rep4 keep] A orig 2e_K10 pread: fq=185.93 delivery=100.0 cold=0.0
[rep4 keep] A orig 2e_K10 async: fq=410.82 delivery=100.0 cold=0.0
[rep4 keep] B orig learned_markov_14 pread: fq=418.13 delivery=100.0 cold=0.0
[rep4 keep] B orig learned_markov_14 async: fq=411.68 delivery=100.0 cold=0.0
[rep4 keep] B orig learned_markov_28 pread: fq=416.85 delivery=100.0 cold=0.0
[rep4 keep] B orig learned_markov_28 async: fq=411.7 delivery=100.0 cold=0.0
[rep4 keep] B orig 2f_top14 pread: fq=430.5 delivery=100.0 cold=0.0
[rep4 keep] B orig 2f_top14 async: fq=400.51 delivery=100.0 cold=0.0
[rep4 keep] B orig 2f_top28 pread: fq=404.18 delivery=100.0 cold=0.0
[rep4 keep] B orig 2f_top28 async: fq=415.19 delivery=100.0 cold=0.0
[rep4 keep] B orig 2e_K10 pread: fq=421.02 delivery=100.0 cold=0.0
[rep4 keep] B orig 2e_K10 async: fq=407.32 delivery=100.0 cold=0.0
[rep4 keep] C orig learned_markov_14 pread: fq=183.0 delivery=100.0 cold=0.0
[rep4 keep] C orig learned_markov_14 async: fq=184.71 delivery=100.0 cold=0.0
[rep4 keep] C orig learned_markov_28 pread: fq=185.76 delivery=100.0 cold=0.0
[rep4 keep] C orig learned_markov_28 async: fq=185.75 delivery=100.0 cold=0.0
[rep4 keep] C orig 2f_top14 pread: fq=186.94 delivery=100.0 cold=0.0
[rep4 keep] C orig 2f_top14 async: fq=185.23 delivery=100.0 cold=0.0
[rep4 keep] C orig 2f_top28 pread: fq=189.13 delivery=100.0 cold=0.0
[rep4 keep] C orig 2f_top28 async: fq=185.47 delivery=100.0 cold=0.0
[rep4 keep] C orig 2e_K10 pread: fq=185.72 delivery=100.0 cold=0.0
[rep4 keep] C orig 2e_K10 async: fq=183.97 delivery=100.0 cold=0.0
[rep5 keep] A orig baseline baseline: fq=523.53 delivery=0.0 cold=0.0
[rep5 keep] B orig baseline baseline: fq=740.77 delivery=0.0 cold=0.0
[rep5 keep] C orig baseline baseline: fq=1047.32 delivery=0.0 cold=0.0
[rep5 keep] A orig learned_markov_14 pread: fq=365.74 delivery=100.0 cold=0.0
[rep5 keep] A orig learned_markov_14 async: fq=363.09 delivery=100.0 cold=0.0
[rep5 keep] A orig learned_markov_28 pread: fq=414.6 delivery=100.0 cold=0.0
[rep5 keep] A orig learned_markov_28 async: fq=342.69 delivery=100.0 cold=0.0
[rep5 keep] A orig 2f_top14 pread: fq=363.49 delivery=100.0 cold=0.0
[rep5 keep] A orig 2f_top14 async: fq=366.16 delivery=100.0 cold=0.0
[rep5 keep] A orig 2f_top28 pread: fq=371.01 delivery=100.0 cold=0.0
[rep5 keep] A orig 2f_top28 async: fq=408.26 delivery=100.0 cold=0.0
[rep5 keep] A orig 2e_K10 pread: fq=190.54 delivery=100.0 cold=0.0
[rep5 keep] A orig 2e_K10 async: fq=405.6 delivery=100.0 cold=0.0
[rep5 keep] B orig learned_markov_14 pread: fq=407.28 delivery=100.0 cold=0.0
[rep5 keep] B orig learned_markov_14 async: fq=410.81 delivery=100.0 cold=0.0
[rep5 keep] B orig learned_markov_28 pread: fq=413.25 delivery=100.0 cold=0.0
[rep5 keep] B orig learned_markov_28 async: fq=410.92 delivery=100.0 cold=0.0
[rep5 keep] B orig 2f_top14 pread: fq=420.36 delivery=100.0 cold=0.0
[rep5 keep] B orig 2f_top14 async: fq=421.63 delivery=100.0 cold=0.0
[rep5 keep] B orig 2f_top28 pread: fq=407.92 delivery=100.0 cold=0.0
[rep5 keep] B orig 2f_top28 async: fq=417.65 delivery=100.0 cold=0.0
[rep5 keep] B orig 2e_K10 pread: fq=407.48 delivery=100.0 cold=0.0
[rep5 keep] B orig 2e_K10 async: fq=411.89 delivery=100.0 cold=0.0
[rep5 keep] C orig learned_markov_14 pread: fq=181.99 delivery=100.0 cold=0.0
[rep5 keep] C orig learned_markov_14 async: fq=185.64 delivery=100.0 cold=0.0
[rep5 keep] C orig learned_markov_28 pread: fq=184.51 delivery=100.0 cold=0.0
[rep5 keep] C orig learned_markov_28 async: fq=186.22 delivery=100.0 cold=0.0
[rep5 keep] C orig 2f_top14 pread: fq=184.49 delivery=100.0 cold=0.0
[rep5 keep] C orig 2f_top14 async: fq=185.1 delivery=100.0 cold=0.0
[rep5 keep] C orig 2f_top28 pread: fq=187.73 delivery=100.0 cold=0.0
[rep5 keep] C orig 2f_top28 async: fq=182.51 delivery=100.0 cold=0.0
[rep5 keep] C orig 2e_K10 pread: fq=185.85 delivery=100.0 cold=0.0
[rep5 keep] C orig 2e_K10 async: fq=184.2 delivery=100.0 cold=0.0
[rep6 keep] A orig baseline baseline: fq=520.14 delivery=0.0 cold=0.0
[rep6 keep] B orig baseline baseline: fq=750.58 delivery=0.0 cold=0.0
[rep6 keep] C orig baseline baseline: fq=1083.13 delivery=0.0 cold=0.0
[rep6 keep] A orig learned_markov_14 pread: fq=338.23 delivery=100.0 cold=0.0
[rep6 keep] A orig learned_markov_14 async: fq=414.53 delivery=100.0 cold=0.0
[rep6 keep] A orig learned_markov_28 pread: fq=366.52 delivery=100.0 cold=0.0
[rep6 keep] A orig learned_markov_28 async: fq=363.38 delivery=100.0 cold=0.0
[rep6 keep] A orig 2f_top14 pread: fq=402.84 delivery=100.0 cold=0.0
[rep6 keep] A orig 2f_top14 async: fq=413.39 delivery=100.0 cold=0.0
[rep6 keep] A orig 2f_top28 pread: fq=364.94 delivery=100.0 cold=0.0
[rep6 keep] A orig 2f_top28 async: fq=331.9 delivery=100.0 cold=0.0
[rep6 keep] A orig 2e_K10 pread: fq=185.82 delivery=100.0 cold=0.0
[rep6 keep] A orig 2e_K10 async: fq=334.32 delivery=100.0 cold=0.0
[rep6 keep] B orig learned_markov_14 pread: fq=417.38 delivery=100.0 cold=0.0
[rep6 keep] B orig learned_markov_14 async: fq=421.7 delivery=100.0 cold=0.0
[rep6 keep] B orig learned_markov_28 pread: fq=417.38 delivery=100.0 cold=0.0
[rep6 keep] B orig learned_markov_28 async: fq=413.92 delivery=100.0 cold=0.0
[rep6 keep] B orig 2f_top14 pread: fq=424.39 delivery=100.0 cold=0.0
[rep6 keep] B orig 2f_top14 async: fq=418.54 delivery=100.0 cold=0.0
[rep6 keep] B orig 2f_top28 pread: fq=409.11 delivery=100.0 cold=0.0
[rep6 keep] B orig 2f_top28 async: fq=414.35 delivery=100.0 cold=0.0
[rep6 keep] B orig 2e_K10 pread: fq=420.67 delivery=100.0 cold=0.0
[rep6 keep] B orig 2e_K10 async: fq=412.18 delivery=100.0 cold=0.0
[rep6 keep] C orig learned_markov_14 pread: fq=187.42 delivery=100.0 cold=0.0
[rep6 keep] C orig learned_markov_14 async: fq=186.13 delivery=100.0 cold=0.0
[rep6 keep] C orig learned_markov_28 pread: fq=186.15 delivery=100.0 cold=0.0
[rep6 keep] C orig learned_markov_28 async: fq=184.01 delivery=100.0 cold=0.0
[rep6 keep] C orig 2f_top14 pread: fq=183.49 delivery=100.0 cold=0.0
[rep6 keep] C orig 2f_top14 async: fq=181.92 delivery=100.0 cold=0.0
[rep6 keep] C orig 2f_top28 pread: fq=186.49 delivery=100.0 cold=0.0
[rep6 keep] C orig 2f_top28 async: fq=185.52 delivery=100.0 cold=0.0
[rep6 keep] C orig 2e_K10 pread: fq=183.25 delivery=100.0 cold=0.0
[rep6 keep] C orig 2e_K10 async: fq=196.57 delivery=100.0 cold=0.0
[rep7 keep] A orig baseline baseline: fq=521.73 delivery=0.0 cold=0.0
[rep7 keep] B orig baseline baseline: fq=753.47 delivery=0.0 cold=0.0
[rep7 keep] C orig baseline baseline: fq=1077.73 delivery=0.0 cold=0.0
[rep7 keep] A orig learned_markov_14 pread: fq=368.32 delivery=100.0 cold=0.0
[rep7 keep] A orig learned_markov_14 async: fq=416.85 delivery=100.0 cold=0.0
[rep7 keep] A orig learned_markov_28 pread: fq=393.01 delivery=100.0 cold=0.0
[rep7 keep] A orig learned_markov_28 async: fq=358.43 delivery=100.0 cold=0.0
[rep7 keep] A orig 2f_top14 pread: fq=365.38 delivery=100.0 cold=0.0
[rep7 keep] A orig 2f_top14 async: fq=388.19 delivery=100.0 cold=0.0
[rep7 keep] A orig 2f_top28 pread: fq=403.72 delivery=100.0 cold=0.0
[rep7 keep] A orig 2f_top28 async: fq=363.29 delivery=100.0 cold=0.0
[rep7 keep] A orig 2e_K10 pread: fq=182.62 delivery=100.0 cold=0.0
[rep7 keep] A orig 2e_K10 async: fq=337.82 delivery=100.0 cold=0.0
[rep7 keep] B orig learned_markov_14 pread: fq=414.35 delivery=100.0 cold=0.0
[rep7 keep] B orig learned_markov_14 async: fq=414.34 delivery=100.0 cold=0.0
[rep7 keep] B orig learned_markov_28 pread: fq=412.12 delivery=100.0 cold=0.0
[rep7 keep] B orig learned_markov_28 async: fq=424.61 delivery=100.0 cold=0.0
[rep7 keep] B orig 2f_top14 pread: fq=425.21 delivery=100.0 cold=0.0
[rep7 keep] B orig 2f_top14 async: fq=410.95 delivery=100.0 cold=0.0
[rep7 keep] B orig 2f_top28 pread: fq=424.48 delivery=100.0 cold=0.0
[rep7 keep] B orig 2f_top28 async: fq=421.43 delivery=100.0 cold=0.0
[rep7 keep] B orig 2e_K10 pread: fq=417.19 delivery=100.0 cold=0.0
[rep7 keep] B orig 2e_K10 async: fq=411.66 delivery=100.0 cold=0.0
[rep7 keep] C orig learned_markov_14 pread: fq=185.99 delivery=100.0 cold=0.0
[rep7 keep] C orig learned_markov_14 async: fq=182.94 delivery=100.0 cold=0.0
[rep7 keep] C orig learned_markov_28 pread: fq=187.52 delivery=100.0 cold=0.0
[rep7 keep] C orig learned_markov_28 async: fq=185.92 delivery=100.0 cold=0.0
[rep7 keep] C orig 2f_top14 pread: fq=184.13 delivery=100.0 cold=0.0
[rep7 keep] C orig 2f_top14 async: fq=185.25 delivery=100.0 cold=0.0
[rep7 keep] C orig 2f_top28 pread: fq=176.05 delivery=100.0 cold=0.0
[rep7 keep] C orig 2f_top28 async: fq=185.62 delivery=100.0 cold=0.0
[rep7 keep] C orig 2e_K10 pread: fq=187.47 delivery=100.0 cold=0.0
[rep7 keep] C orig 2e_K10 async: fq=185.83 delivery=100.0 cold=0.0
[rep8 keep] A orig baseline baseline: fq=527.47 delivery=0.0 cold=0.0
[rep8 keep] B orig baseline baseline: fq=746.9 delivery=0.0 cold=0.0
[rep8 keep] C orig baseline baseline: fq=1050.31 delivery=0.0 cold=0.0
[rep8 keep] A orig learned_markov_14 pread: fq=340.31 delivery=100.0 cold=0.0
[rep8 keep] A orig learned_markov_14 async: fq=361.26 delivery=100.0 cold=0.0
[rep8 keep] A orig learned_markov_28 pread: fq=364.79 delivery=100.0 cold=0.0
[rep8 keep] A orig learned_markov_28 async: fq=412.8 delivery=100.0 cold=0.0
[rep8 keep] A orig 2f_top14 pread: fq=410.06 delivery=100.0 cold=0.0
[rep8 keep] A orig 2f_top14 async: fq=390.76 delivery=100.0 cold=0.0
[rep8 keep] A orig 2f_top28 pread: fq=361.89 delivery=100.0 cold=0.0
[rep8 keep] A orig 2f_top28 async: fq=364.05 delivery=100.0 cold=0.0
[rep8 keep] A orig 2e_K10 pread: fq=186.7 delivery=100.0 cold=0.0
[rep8 keep] A orig 2e_K10 async: fq=374.14 delivery=100.0 cold=0.0
[rep8 keep] B orig learned_markov_14 pread: fq=416.52 delivery=100.0 cold=0.0
[rep8 keep] B orig learned_markov_14 async: fq=408.99 delivery=100.0 cold=0.0
[rep8 keep] B orig learned_markov_28 pread: fq=423.95 delivery=100.0 cold=0.0
[rep8 keep] B orig learned_markov_28 async: fq=414.09 delivery=100.0 cold=0.0
[rep8 keep] B orig 2f_top14 pread: fq=453.11 delivery=100.0 cold=0.0
[rep8 keep] B orig 2f_top14 async: fq=414.88 delivery=100.0 cold=0.0
[rep8 keep] B orig 2f_top28 pread: fq=414.13 delivery=100.0 cold=0.0
[rep8 keep] B orig 2f_top28 async: fq=412.26 delivery=100.0 cold=0.0
[rep8 keep] B orig 2e_K10 pread: fq=418.05 delivery=100.0 cold=0.0
[rep8 keep] B orig 2e_K10 async: fq=413.93 delivery=100.0 cold=0.0
[rep8 keep] C orig learned_markov_14 pread: fq=184.18 delivery=100.0 cold=0.0
[rep8 keep] C orig learned_markov_14 async: fq=187.8 delivery=100.0 cold=0.0
[rep8 keep] C orig learned_markov_28 pread: fq=186.73 delivery=100.0 cold=0.0
[rep8 keep] C orig learned_markov_28 async: fq=186.2 delivery=100.0 cold=0.0
[rep8 keep] C orig 2f_top14 pread: fq=189.27 delivery=100.0 cold=0.0
[rep8 keep] C orig 2f_top14 async: fq=183.44 delivery=100.0 cold=0.0
[rep8 keep] C orig 2f_top28 pread: fq=187.69 delivery=100.0 cold=0.0
[rep8 keep] C orig 2f_top28 async: fq=184.25 delivery=100.0 cold=0.0
[rep8 keep] C orig 2e_K10 pread: fq=188.73 delivery=100.0 cold=0.0
[rep8 keep] C orig 2e_K10 async: fq=193.39 delivery=100.0 cold=0.0
[rep9 keep] A orig baseline baseline: fq=532.9 delivery=0.0 cold=0.0
[rep9 keep] B orig baseline baseline: fq=746.34 delivery=0.0 cold=0.0
[rep9 keep] C orig baseline baseline: fq=1084.95 delivery=0.0 cold=0.0
[rep9 keep] A orig learned_markov_14 pread: fq=380.38 delivery=100.0 cold=0.0
[rep9 keep] A orig learned_markov_14 async: fq=364.94 delivery=100.0 cold=0.0
[rep9 keep] A orig learned_markov_28 pread: fq=417.76 delivery=100.0 cold=0.0
[rep9 keep] A orig learned_markov_28 async: fq=358.49 delivery=100.0 cold=0.0
[rep9 keep] A orig 2f_top14 pread: fq=406.77 delivery=100.0 cold=0.0
[rep9 keep] A orig 2f_top14 async: fq=401.23 delivery=100.0 cold=0.0
[rep9 keep] A orig 2f_top28 pread: fq=361.15 delivery=100.0 cold=0.0
[rep9 keep] A orig 2f_top28 async: fq=416.91 delivery=100.0 cold=0.0
[rep9 keep] A orig 2e_K10 pread: fq=190.59 delivery=100.0 cold=0.0
[rep9 keep] A orig 2e_K10 async: fq=330.95 delivery=100.0 cold=0.0
[rep9 keep] B orig learned_markov_14 pread: fq=414.23 delivery=100.0 cold=0.0
[rep9 keep] B orig learned_markov_14 async: fq=422.57 delivery=100.0 cold=0.0
[rep9 keep] B orig learned_markov_28 pread: fq=413.64 delivery=100.0 cold=0.0
[rep9 keep] B orig learned_markov_28 async: fq=422.06 delivery=100.0 cold=0.0
[rep9 keep] B orig 2f_top14 pread: fq=420.54 delivery=100.0 cold=0.0
[rep9 keep] B orig 2f_top14 async: fq=408.97 delivery=100.0 cold=0.0
[rep9 keep] B orig 2f_top28 pread: fq=423.9 delivery=100.0 cold=0.0
[rep9 keep] B orig 2f_top28 async: fq=422.31 delivery=100.0 cold=0.0
[rep9 keep] B orig 2e_K10 pread: fq=409.19 delivery=100.0 cold=0.0
[rep9 keep] B orig 2e_K10 async: fq=421.6 delivery=100.0 cold=0.0
[rep9 keep] C orig learned_markov_14 pread: fq=185.05 delivery=100.0 cold=0.0
[rep9 keep] C orig learned_markov_14 async: fq=185.52 delivery=100.0 cold=0.0
[rep9 keep] C orig learned_markov_28 pread: fq=185.91 delivery=100.0 cold=0.0
[rep9 keep] C orig learned_markov_28 async: fq=184.16 delivery=100.0 cold=0.0
[rep9 keep] C orig 2f_top14 pread: fq=186.94 delivery=100.0 cold=0.0
[rep9 keep] C orig 2f_top14 async: fq=187.42 delivery=100.0 cold=0.0
[rep9 keep] C orig 2f_top28 pread: fq=183.89 delivery=100.0 cold=0.0
[rep9 keep] C orig 2f_top28 async: fq=184.79 delivery=100.0 cold=0.0
[rep9 keep] C orig 2e_K10 pread: fq=185.88 delivery=100.0 cold=0.0
[rep9 keep] C orig 2e_K10 async: fq=194.98 delivery=100.0 cold=0.0
[rep10 keep] A orig baseline baseline: fq=513.77 delivery=0.0 cold=0.0
[rep10 keep] B orig baseline baseline: fq=748.57 delivery=0.0 cold=0.0
[rep10 keep] C orig baseline baseline: fq=1078.22 delivery=0.0 cold=0.0
[rep10 keep] A orig learned_markov_14 pread: fq=386.55 delivery=100.0 cold=0.0
[rep10 keep] A orig learned_markov_14 async: fq=412.5 delivery=100.0 cold=0.0
[rep10 keep] A orig learned_markov_28 pread: fq=368.47 delivery=100.0 cold=0.0
[rep10 keep] A orig learned_markov_28 async: fq=374.9 delivery=100.0 cold=0.0
[rep10 keep] A orig 2f_top14 pread: fq=399.96 delivery=100.0 cold=0.0
[rep10 keep] A orig 2f_top14 async: fq=394.69 delivery=100.0 cold=0.0
[rep10 keep] A orig 2f_top28 pread: fq=411.93 delivery=100.0 cold=0.0
[rep10 keep] A orig 2f_top28 async: fq=410.92 delivery=100.0 cold=0.0
[rep10 keep] A orig 2e_K10 pread: fq=191.43 delivery=100.0 cold=0.0
[rep10 keep] A orig 2e_K10 async: fq=328.87 delivery=100.0 cold=0.0
[rep10 keep] B orig learned_markov_14 pread: fq=422.34 delivery=100.0 cold=0.0
[rep10 keep] B orig learned_markov_14 async: fq=410.31 delivery=100.0 cold=0.0
[rep10 keep] B orig learned_markov_28 pread: fq=404.95 delivery=100.0 cold=0.0
[rep10 keep] B orig learned_markov_28 async: fq=415.89 delivery=100.0 cold=0.0
[rep10 keep] B orig 2f_top14 pread: fq=501.81 delivery=100.0 cold=0.0
[rep10 keep] B orig 2f_top14 async: fq=410.19 delivery=100.0 cold=0.0
[rep10 keep] B orig 2f_top28 pread: fq=408.4 delivery=100.0 cold=0.0
[rep10 keep] B orig 2f_top28 async: fq=412.46 delivery=100.0 cold=0.0
[rep10 keep] B orig 2e_K10 pread: fq=418.06 delivery=100.0 cold=0.0
[rep10 keep] B orig 2e_K10 async: fq=413.18 delivery=100.0 cold=0.0
[rep10 keep] C orig learned_markov_14 pread: fq=185.54 delivery=100.0 cold=0.0
[rep10 keep] C orig learned_markov_14 async: fq=184.12 delivery=100.0 cold=0.0
[rep10 keep] C orig learned_markov_28 pread: fq=186.53 delivery=100.0 cold=0.0
[rep10 keep] C orig learned_markov_28 async: fq=196.07 delivery=100.0 cold=0.0
[rep10 keep] C orig 2f_top14 pread: fq=185.11 delivery=100.0 cold=0.0
[rep10 keep] C orig 2f_top14 async: fq=191.43 delivery=100.0 cold=0.0
[rep10 keep] C orig 2f_top28 pread: fq=183.56 delivery=100.0 cold=0.0
[rep10 keep] C orig 2f_top28 async: fq=184.33 delivery=100.0 cold=0.0
[rep10 keep] C orig 2e_K10 pread: fq=183.4 delivery=100.0 cold=0.0
[rep10 keep] C orig 2e_K10 async: fq=185.28 delivery=100.0 cold=0.0
[rep11 keep] A orig baseline baseline: fq=514.81 delivery=0.0 cold=0.0
[rep11 keep] B orig baseline baseline: fq=735.0 delivery=0.0 cold=0.0
[rep11 keep] C orig baseline baseline: fq=1085.13 delivery=0.0 cold=0.0
[rep11 keep] A orig learned_markov_14 pread: fq=340.9 delivery=100.0 cold=0.0
[rep11 keep] A orig learned_markov_14 async: fq=412.57 delivery=100.0 cold=0.0
[rep11 keep] A orig learned_markov_28 pread: fq=422.75 delivery=100.0 cold=0.0
[rep11 keep] A orig learned_markov_28 async: fq=364.94 delivery=100.0 cold=0.0
[rep11 keep] A orig 2f_top14 pread: fq=331.26 delivery=100.0 cold=0.0
[rep11 keep] A orig 2f_top14 async: fq=391.76 delivery=100.0 cold=0.0
[rep11 keep] A orig 2f_top28 pread: fq=381.57 delivery=100.0 cold=0.0
[rep11 keep] A orig 2f_top28 async: fq=356.67 delivery=100.0 cold=0.0
[rep11 keep] A orig 2e_K10 pread: fq=184.25 delivery=100.0 cold=0.0
[rep11 keep] A orig 2e_K10 async: fq=332.04 delivery=100.0 cold=0.0
[rep11 keep] B orig learned_markov_14 pread: fq=417.76 delivery=100.0 cold=0.0
[rep11 keep] B orig learned_markov_14 async: fq=416.6 delivery=100.0 cold=0.0
[rep11 keep] B orig learned_markov_28 pread: fq=412.71 delivery=100.0 cold=0.0
[rep11 keep] B orig learned_markov_28 async: fq=413.6 delivery=100.0 cold=0.0
[rep11 keep] B orig 2f_top14 pread: fq=423.43 delivery=100.0 cold=0.0
[rep11 keep] B orig 2f_top14 async: fq=427.19 delivery=100.0 cold=0.0
[rep11 keep] B orig 2f_top28 pread: fq=423.85 delivery=100.0 cold=0.0
[rep11 keep] B orig 2f_top28 async: fq=411.46 delivery=100.0 cold=0.0
[rep11 keep] B orig 2e_K10 pread: fq=415.99 delivery=100.0 cold=0.0
[rep11 keep] B orig 2e_K10 async: fq=415.29 delivery=100.0 cold=0.0
[rep11 keep] C orig learned_markov_14 pread: fq=186.06 delivery=100.0 cold=0.0
[rep11 keep] C orig learned_markov_14 async: fq=185.65 delivery=100.0 cold=0.0
[rep11 keep] C orig learned_markov_28 pread: fq=183.71 delivery=100.0 cold=0.0
[rep11 keep] C orig learned_markov_28 async: fq=181.18 delivery=100.0 cold=0.0
[rep11 keep] C orig 2f_top14 pread: fq=182.88 delivery=100.0 cold=0.0
[rep11 keep] C orig 2f_top14 async: fq=185.12 delivery=100.0 cold=0.0
[rep11 keep] C orig 2f_top28 pread: fq=186.38 delivery=100.0 cold=0.0
[rep11 keep] C orig 2f_top28 async: fq=188.55 delivery=100.0 cold=0.0
[rep11 keep] C orig 2e_K10 pread: fq=186.76 delivery=100.0 cold=0.0
[rep11 keep] C orig 2e_K10 async: fq=184.62 delivery=100.0 cold=0.0

done. raw=results/baselines_v2/learned/raw.csv  summary=results/baselines_v2/learned/summary.csv
--- 2f_slru (async only) ---
ENV kernel=6.17.0-19-generic disk=nvme0n1 ra_kb=128 governor=powersave driver=amd-pstate-epp epp=performance boost=1 maxfreq_khz=5756452 thp=madvise loadavg=2.20 memavail_kb=49468448
[rep1 warm] A orig 2f_slru pread: fq=110.5 delivery=100.0 cold=0.0
[rep1 warm] A orig 2f_slru async: fq=105.72 delivery=100.0 cold=0.0
[rep1 warm] B orig 2f_slru pread: fq=112.62 delivery=100.0 cold=0.0
[rep1 warm] B orig 2f_slru async: fq=106.49 delivery=100.0 cold=0.0
[rep1 warm] C orig 2f_slru pread: fq=101.65 delivery=100.0 cold=0.0
[rep1 warm] C orig 2f_slru async: fq=102.07 delivery=100.0 cold=0.0
[rep2 keep] A orig 2f_slru async: fq=102.06 delivery=100.0 cold=0.0
[rep2 keep] B orig 2f_slru async: fq=105.12 delivery=100.0 cold=0.0
[rep2 keep] C orig 2f_slru async: fq=97.47 delivery=100.0 cold=0.0
[rep3 keep] A orig 2f_slru async: fq=100.63 delivery=100.0 cold=0.0
[rep3 keep] B orig 2f_slru async: fq=109.48 delivery=100.0 cold=0.0
[rep3 keep] C orig 2f_slru async: fq=104.42 delivery=100.0 cold=0.0
[rep4 keep] A orig 2f_slru async: fq=103.75 delivery=100.0 cold=0.0
[rep4 keep] B orig 2f_slru async: fq=107.08 delivery=100.0 cold=0.0
[rep4 keep] C orig 2f_slru async: fq=101.37 delivery=100.0 cold=0.0
[rep5 keep] A orig 2f_slru async: fq=102.39 delivery=100.0 cold=0.0
[rep5 keep] B orig 2f_slru async: fq=105.34 delivery=100.0 cold=0.0
[rep5 keep] C orig 2f_slru async: fq=98.41 delivery=100.0 cold=0.0
[rep6 keep] A orig 2f_slru async: fq=105.59 delivery=100.0 cold=0.0
[rep6 keep] B orig 2f_slru async: fq=118.87 delivery=100.0 cold=0.0
[rep6 keep] C orig 2f_slru async: fq=101.39 delivery=100.0 cold=0.0
[rep7 keep] A orig 2f_slru async: fq=102.77 delivery=100.0 cold=0.0
[rep7 keep] B orig 2f_slru async: fq=103.59 delivery=100.0 cold=0.0
[rep7 keep] C orig 2f_slru async: fq=103.21 delivery=100.0 cold=0.0
[rep8 keep] A orig 2f_slru async: fq=100.06 delivery=100.0 cold=0.0
[rep8 keep] B orig 2f_slru async: fq=102.88 delivery=100.0 cold=0.0
[rep8 keep] C orig 2f_slru async: fq=100.8 delivery=100.0 cold=0.0
[rep9 keep] A orig 2f_slru async: fq=101.83 delivery=100.0 cold=0.0
[rep9 keep] B orig 2f_slru async: fq=99.47 delivery=100.0 cold=0.0
[rep9 keep] C orig 2f_slru async: fq=102.5 delivery=100.0 cold=0.0
[rep10 keep] A orig 2f_slru async: fq=113.33 delivery=100.0 cold=0.0
[rep10 keep] B orig 2f_slru async: fq=106.24 delivery=100.0 cold=0.0
[rep10 keep] C orig 2f_slru async: fq=99.96 delivery=100.0 cold=0.0
[rep11 keep] A orig 2f_slru async: fq=105.47 delivery=100.0 cold=0.0
[rep11 keep] B orig 2f_slru async: fq=108.64 delivery=100.0 cold=0.0
[rep11 keep] C orig 2f_slru async: fq=101.28 delivery=100.0 cold=0.0

done. raw=results/baselines_v2/anchor/raw.csv  summary=results/baselines_v2/anchor/summary.csv
--- merge ---
=== done 2026-07-10T18:03:48Z  raw=results/baselines_v2/raw.csv summary=results/baselines_v2/summary.csv (cells: 42 summary rows) ===
